<?xml version="1.0" encoding="UTF-8"?>
<!-- Generated by org.testng.reporters.JUnitReportReporter -->
<testsuite hostname="DESKTOP-7KBB9M5" failures="0" tests="1" name="com.restassured.tests.JSONPlaceholderPostTest" time="3.024" errors="0" timestamp="07 Aug 2022 07:26:28 GMT" skipped="0">
  <testcase classname="com.restassured.tests.JSONPlaceholderPostTest" name="postTest" time="3.024"/>
</testsuite> <!-- com.restassured.tests.JSONPlaceholderPostTest -->
