<?xml version="1.0" encoding="UTF-8"?>
<!-- Generated by org.testng.reporters.JUnitReportReporter -->
<testsuite hostname="DESKTOP-7KBB9M5" failures="0" tests="1" name="com.restassured.tests.TestPOST" time="1.842" errors="0" timestamp="04 Aug 2022 15:55:40 GMT" skipped="0">
  <testcase classname="com.restassured.tests.TestPOST" name="validatePostResponse" time="1.842"/>
</testsuite> <!-- com.restassured.tests.TestPOST -->
