<?xml version="1.0" encoding="UTF-8"?>
<!-- Generated by org.testng.reporters.JUnitReportReporter -->
<testsuite hostname="DESKTOP-7KBB9M5" failures="0" tests="1" name="com.restassured.tests.PostAPI" time="2.049" errors="0" timestamp="06 Aug 2022 06:18:04 GMT" skipped="0">
  <testcase classname="com.restassured.tests.PostAPI" name="postTest" time="2.049"/>
</testsuite> <!-- com.restassured.tests.PostAPI -->
